<?xml version="1.0" encoding="UTF-8"?>
<!-- Generated by org.testng.reporters.JUnitReportReporter -->
<testsuite hostname="KTPCPN-162" failures="0" tests="15" name="TestNGFlags.InvocationCountFlag" time="0.033" errors="0" timestamp="2024-08-28T09:59:10 IST" skipped="0">
  <testcase classname="TestNGFlags.InvocationCountFlag" name="login" time="0.005"/>
  <system-out>
    <![CDATA[Login method executed]]>
  </system-out>
  <testcase classname="TestNGFlags.InvocationCountFlag" name="logout" time="0.002"/>
  <system-out>
    <![CDATA[Logout method executed]]>
  </system-out>
  <testcase classname="TestNGFlags.InvocationCountFlag" name="logout" time="0.001"/>
  <system-out>
    <![CDATA[Logout method executed]]>
  </system-out>
  <testcase classname="TestNGFlags.InvocationCountFlag" name="login" time="0.001"/>
  <system-out>
    <![CDATA[Login method executed]]>
  </system-out>
  <testcase classname="TestNGFlags.InvocationCountFlag" name="logout" time="0.001"/>
  <system-out>
    <![CDATA[Logout method executed]]>
  </system-out>
  <testcase classname="TestNGFlags.InvocationCountFlag" name="login" time="0.012"/>
  <system-out>
    <![CDATA[Login method executed]]>
  </system-out>
  <testcase classname="TestNGFlags.InvocationCountFlag" name="login" time="0.003"/>
  <system-out>
    <![CDATA[Login method executed]]>
  </system-out>
  <testcase classname="TestNGFlags.InvocationCountFlag" name="login" time="0.001"/>
  <system-out>
    <![CDATA[Login method executed]]>
  </system-out>
  <testcase classname="TestNGFlags.InvocationCountFlag" name="login" time="0.001"/>
  <system-out>
    <![CDATA[Login method executed]]>
  </system-out>
  <testcase classname="TestNGFlags.InvocationCountFlag" name="login" time="0.001"/>
  <system-out>
    <![CDATA[Login method executed]]>
  </system-out>
  <testcase classname="TestNGFlags.InvocationCountFlag" name="login" time="0.001"/>
  <system-out>
    <![CDATA[Login method executed]]>
  </system-out>
  <testcase classname="TestNGFlags.InvocationCountFlag" name="logout" time="0.001"/>
  <system-out>
    <![CDATA[Logout method executed]]>
  </system-out>
  <testcase classname="TestNGFlags.InvocationCountFlag" name="login" time="0.001"/>
  <system-out>
    <![CDATA[Login method executed]]>
  </system-out>
  <testcase classname="TestNGFlags.InvocationCountFlag" name="login" time="0.001"/>
  <system-out>
    <![CDATA[Login method executed]]>
  </system-out>
  <testcase classname="TestNGFlags.InvocationCountFlag" name="logout" time="0.001"/>
  <system-out>
    <![CDATA[Logout method executed]]>
  </system-out>
</testsuite> <!-- TestNGFlags.InvocationCountFlag -->
