<?xml version="1.0" encoding="UTF-8"?>
<!-- Generated by org.testng.reporters.JUnitReportReporter -->
<testsuite hostname="KTPCPN-162" failures="0" tests="3" name="TestNGPackage.Demo" time="0.017" errors="0" timestamp="2024-08-26T17:39:14 IST" skipped="0">
  <testcase classname="TestNGPackage.Demo" name="Login" time="0.013"/>
  <system-out/>
  <testcase classname="TestNGPackage.Demo" name="Logout" time="0.002"/>
  <system-out/>
  <testcase classname="TestNGPackage.Demo" name="OpenApp" time="0.002"/>
  <system-out/>
</testsuite> <!-- TestNGPackage.Demo -->
