<?xml version="1.0" encoding="UTF-8"?>
<!-- Generated by org.testng.reporters.JUnitReportReporter -->
<testsuite hostname="KTPCPN-162" failures="0" tests="2" name="TestNGPackage.Demo1" time="0.025" errors="0" timestamp="2024-08-26T18:54:14 IST" skipped="0">
  <testcase classname="TestNGPackage.Demo1" name="test1" time="0.018"/>
  <system-out>
    <![CDATA[test1 method excuted]]>
  </system-out>
  <testcase classname="TestNGPackage.Demo1" name="test2" time="0.007"/>
  <system-out>
    <![CDATA[test2 method excuted]]>
  </system-out>
</testsuite> <!-- TestNGPackage.Demo1 -->
