<?xml version="1.0" encoding="UTF-8"?>
<!-- Generated by org.testng.reporters.JUnitReportReporter -->
<testsuite hostname="KTPCPN-162" failures="0" tests="3" name="TestNGPackage.Demo" time="0.024" errors="0" timestamp="2024-08-27T10:49:01 IST" skipped="0">
  <testcase classname="TestNGPackage.Demo" name="OpenApp" time="0.004"/>
  <system-out/>
  <testcase classname="TestNGPackage.Demo" name="Login" time="0.019"/>
  <system-out/>
  <testcase classname="TestNGPackage.Demo" name="Logout" time="0.001"/>
  <system-out/>
</testsuite> <!-- TestNGPackage.Demo -->
