<?xml version="1.0" encoding="UTF-8"?>
<!-- Generated by org.testng.reporters.JUnitReportReporter -->
<testsuite hostname="KTPCPN-162" failures="0" tests="3" name="TestNGFlags.EnabledFlag" time="0.017" errors="0" timestamp="2024-08-27T15:36:53 IST" skipped="1">
  <testcase classname="TestNGFlags.EnabledFlag" name="dashboard" time="0.014"/>
  <system-out>
    <![CDATA[Dashboard method executed]]>
  </system-out>
  <testcase classname="TestNGFlags.EnabledFlag" name="login" time="0.003"/>
  <system-out>
    <![CDATA[Login method executed]]>
  </system-out>
  <testcase classname="TestNGFlags.EnabledFlag" name="logout">
    <skipped/>
  </testcase> <!-- logout -->
  <system-out/>
</testsuite> <!-- TestNGFlags.EnabledFlag -->
