<?xml version="1.0" encoding="UTF-8"?>
<!-- Generated by org.testng.reporters.JUnitReportReporter -->
<testsuite hostname="KTPCPN-162" failures="0" tests="3" name="TestNGPackage.Demo1" time="0.054" errors="0" timestamp="2024-08-27T14:49:51 IST" skipped="0">
  <testcase classname="TestNGPackage.Demo1" name="test3" time="0.003"/>
  <system-out>
    <![CDATA[test2 method excuted]]>
  </system-out>
  <testcase classname="TestNGPackage.Demo1" name="test1" time="0.047"/>
  <system-out>
    <![CDATA[test1 method excuted]]>
  </system-out>
  <testcase classname="TestNGPackage.Demo1" name="test2" time="0.004"/>
  <system-out>
    <![CDATA[test2 method excuted]]>
  </system-out>
</testsuite> <!-- TestNGPackage.Demo1 -->
