<?xml version="1.0" encoding="UTF-8"?>
<!-- Generated by org.testng.reporters.JUnitReportReporter -->
<testsuite hostname="KTPCPN-162" failures="0" tests="7" name="TestNGFlags.PriorityFlag" time="0.024" errors="0" timestamp="2024-08-28T12:28:15 IST" skipped="0">
  <testcase classname="TestNGFlags.PriorityFlag" name="z" time="0.014"/>
  <system-out>
    <![CDATA[z]]>
  </system-out>
  <testcase classname="TestNGFlags.PriorityFlag" name="d" time="0.002"/>
  <system-out>
    <![CDATA[d]]>
  </system-out>
  <testcase classname="TestNGFlags.PriorityFlag" name="g" time="0.002"/>
  <system-out>
    <![CDATA[z]]>
  </system-out>
  <testcase classname="TestNGFlags.PriorityFlag" name="a" time="0.002"/>
  <system-out>
    <![CDATA[a]]>
  </system-out>
  <testcase classname="TestNGFlags.PriorityFlag" name="h" time="0.001"/>
  <system-out>
    <![CDATA[h]]>
  </system-out>
  <testcase classname="TestNGFlags.PriorityFlag" name="n" time="0.002"/>
  <system-out>
    <![CDATA[n]]>
  </system-out>
  <testcase classname="TestNGFlags.PriorityFlag" name="b" time="0.001"/>
  <system-out>
    <![CDATA[b]]>
  </system-out>
</testsuite> <!-- TestNGFlags.PriorityFlag -->
