<?xml version="1.0" encoding="UTF-8"?>
<!-- Generated by org.testng.reporters.JUnitReportReporter -->
<testsuite hostname="KTPCPN-162" failures="0" tests="1" name="TestNGFlags.DecriptionFlag" time="0.012" errors="0" timestamp="2024-08-27T15:20:05 IST" skipped="0">
  <testcase classname="TestNGFlags.DecriptionFlag" name="login" time="0.012"/>
  <system-out>
    <![CDATA[Login method is exceuted]]>
  </system-out>
</testsuite> <!-- TestNGFlags.DecriptionFlag -->
